<?xml version="1.0" encoding="UTF-8"?>
<!-- Generated by org.testng.reporters.JUnitReportReporter -->
<testsuite skipped="0" hostname="LAPTOP-BDGNV8PS" name="fr.myGroupId.ExtendedReportDemo" tests="1" failures="0" timestamp="2020-06-30T15:06:10 IST" time="8.243" errors="0">
  <testcase name="initialDemo" time="8.243" classname="fr.myGroupId.ExtendedReportDemo"/>
  <system-out/>
</testsuite> <!-- fr.myGroupId.ExtendedReportDemo -->
